<?xml version="1.0" encoding="UTF-8"?>
<testsuite name="LibraryTest" tests="1" skipped="0" failures="0" errors="0" timestamp="2024-05-26T14:54:21" hostname="NV-SN21-ASR489" time="0.01">
  <properties/>
  <testcase name="testSomeLibraryMethod" classname="LibraryTest" time="0.01"/>
  <system-out><![CDATA[]]></system-out>
  <system-err><![CDATA[]]></system-err>
</testsuite>
